<?xml version="1.0" encoding="UTF-8"?>
<testsuites name="Test Suite - datapool" time="33" tests="0" failures="2" errors="0">
   <testsuite name="Test Suite - datapool" tests="0" failures="2" errors="0" time="33" timestamp="2018-04-29 23:22:45" hostname="neilliao - IBM859-R90KZZET" id="Test Suites/Test Suite - datapool">
      <properties>
         <property name="deviceName" value=""/>
         <property name="devicePlatform" value=""/>
         <property name="logFolder" value="C:\\IBM\\WorkSpace\\Katalon Studio\\MercuryTour\\Reports\\Test Suite - datapool\\20180429_232243"/>
         <property name="logFiles" value="C:\\IBM\\WorkSpace\\Katalon Studio\\MercuryTour\\Reports\\Test Suite - datapool\\20180429_232243\\execution0.log"/>
         <property name="attachments" value=""/>
         <property name="hostName" value="neilliao - IBM859-R90KZZET"/>
         <property name="os" value="Windows 7 64bit"/>
         <property name="katalonVersion" value="5.4.1.1"/>
         <property name="browser" value="Chrome 65.0.3325.181"/>
         <property name="hostAddress" value="192.168.168.1"/>
         <property name="sessionId" value="44767813cf9d01f763d945f5cfbaf839"/>
         <property name="seleniumVersion" value="3.7.1"/>
         <property name="proxyInformation" value="ProxyInformation{proxyOption=NO_PROXY, proxyServerType=HTTP, password=, proxyServerAddress=, proxyServerPort=0}"/>
         <property name="platform" value="Windows 7"/>
      </properties>
      <testcase name="Test Cases/BookFlight/TC01_bookflight_DPBysuit" classname="Test Cases/BookFlight/TC01_bookflight_DPBysuit" status="FAILED">
         <failure type="FAILED" message="Unable to verify equal between actual object '46' and expected object '10' (Root cause: Actual object '46' and expected object '10' are not equal)"/>
         <system-out><![CDATA[2018-04-29 23:22:46 - [TEST_CASE][FAILED] - Test Cases/BookFlight/TC01_bookflight_DPBysuit: Test Cases/BookFlight/TC01_bookflight_DPBysuit FAILED because (of) Unable to verify equal between actual object '46' and expected object '10' (Root cause: Actual object '46' and expected object '10' are not equal)

2018-04-29 23:22:46 - [TEST_STEP][PASSED] - openBrowser: Browser is opened with url: 'http://newtours.demoaut.com/'

2018-04-29 23:22:53 - [MESSAGE][PASSED] - Browser is opened with url: 'http://newtours.demoaut.com/'

2018-04-29 23:22:53 - [TEST_STEP][PASSED] - waitForElementPresent: Object 'Object Repository/Page_Welcome Mercury Tours/input_userName' is present

2018-04-29 23:22:53 - [MESSAGE][PASSED] - Object 'Object Repository/Page_Welcome Mercury Tours/input_userName' is present

2018-04-29 23:22:53 - [TEST_STEP][PASSED] - setText: Text 'neil1' is set on object 'Object Repository/Page_Welcome Mercury Tours/input_userName'

2018-04-29 23:22:54 - [MESSAGE][PASSED] - Text 'neil1' is set on object 'Object Repository/Page_Welcome Mercury Tours/input_userName'

2018-04-29 23:22:54 - [TEST_STEP][PASSED] - setText: Text '12345' is set on object 'Object Repository/Page_Welcome Mercury Tours/input_password'

2018-04-29 23:22:54 - [MESSAGE][PASSED] - Text '12345' is set on object 'Object Repository/Page_Welcome Mercury Tours/input_password'

2018-04-29 23:22:54 - [TEST_STEP][PASSED] - click: Object: 'Object Repository/Page_Welcome Mercury Tours/input_login' is clicked on

2018-04-29 23:22:57 - [MESSAGE][PASSED] - Object: 'Object Repository/Page_Welcome Mercury Tours/input_login' is clicked on

2018-04-29 23:22:57 - [TEST_STEP][PASSED] - waitForElementPresent: Object 'Object Repository/Page_Find a Flight Mercury Tours/rdog_tripType' is present

2018-04-29 23:22:57 - [MESSAGE][PASSED] - Object 'Object Repository/Page_Find a Flight Mercury Tours/rdog_tripType' is present

2018-04-29 23:22:57 - [TEST_STEP][PASSED] - com.mercurytour.customkeyword.selectType: com.mercurytour.customkeyword.selectType is PASSED

2018-04-29 23:22:57 - [MESSAGE][PASSED] - com.mercurytour.customkeyword.selectType is PASSED

2018-04-29 23:22:57 - [TEST_STEP][PASSED] - selectOptionByLabel: All options with label '2' are selected in object 'Object Repository/Page_Find a Flight Mercury Tours/select_passengerNum' 

2018-04-29 23:22:57 - [MESSAGE][PASSED] - All options with label '2' are selected in object 'Object Repository/Page_Find a Flight Mercury Tours/select_passengerNum' 

2018-04-29 23:22:57 - [TEST_STEP][PASSED] - selectOptionByValue: All options with value 'Frankfurt' are selected in object 'Object Repository/Page_Find a Flight Mercury Tours/select_departFrom' 

2018-04-29 23:22:58 - [MESSAGE][PASSED] - All options with value 'Frankfurt' are selected in object 'Object Repository/Page_Find a Flight Mercury Tours/select_departFrom' 

2018-04-29 23:22:58 - [TEST_STEP][PASSED] - selectOptionByLabel: All options with label 'May' are selected in object 'Object Repository/Page_Find a Flight Mercury Tours/select_departMonth' 

2018-04-29 23:22:58 - [MESSAGE][PASSED] - All options with label 'May' are selected in object 'Object Repository/Page_Find a Flight Mercury Tours/select_departMonth' 

2018-04-29 23:22:58 - [TEST_STEP][PASSED] - selectOptionByLabel: All options with label '20' are selected in object 'Object Repository/Page_Find a Flight Mercury Tours/select_departDay' 

2018-04-29 23:22:58 - [MESSAGE][PASSED] - All options with label '20' are selected in object 'Object Repository/Page_Find a Flight Mercury Tours/select_departDay' 

2018-04-29 23:22:58 - [TEST_STEP][PASSED] - selectOptionByLabel: All options with label 'May' are selected in object 'Object Repository/Page_Find a Flight Mercury Tours/select_returnMonth' 

2018-04-29 23:22:58 - [MESSAGE][PASSED] - All options with label 'May' are selected in object 'Object Repository/Page_Find a Flight Mercury Tours/select_returnMonth' 

2018-04-29 23:22:58 - [TEST_STEP][PASSED] - selectOptionByLabel: All options with label '21' are selected in object 'Object Repository/Page_Find a Flight Mercury Tours/select_returnDay' 

2018-04-29 23:22:58 - [MESSAGE][PASSED] - All options with label '21' are selected in object 'Object Repository/Page_Find a Flight Mercury Tours/select_returnDay' 

2018-04-29 23:22:58 - [TEST_STEP][PASSED] - click: Object: 'Object Repository/Page_Find a Flight Mercury Tours/btn_continue' is clicked on

2018-04-29 23:23:02 - [MESSAGE][PASSED] - Object: 'Object Repository/Page_Find a Flight Mercury Tours/btn_continue' is clicked on

2018-04-29 23:23:02 - [TEST_STEP][PASSED] - Statement - driver = com.kms.katalon.core.webui.driver.DriverFactory.getWebDriver(): null

2018-04-29 23:23:02 - [TEST_STEP][PASSED] - Statement - table = driver.findElement(org.openqa.selenium.By.xpath("/html/body/div[1]/table/tbody/tr/td[2]/table/tbody/tr[4]/td/table/tbody/tr/td[2]/table/tbody/tr[5]/td/form/table[1]")): null

2018-04-29 23:23:02 - [TEST_STEP][FAILED] - Statement - If (table != null): Unable to verify equal between actual object '46' and expected object '10' (Root cause: Actual object '46' and expected object '10' are not equal)

2018-04-29 23:23:02 - [TEST_STEP][PASSED] - Statement - tb = table.findElements(org.openqa.selenium.By.xpath("//tr")): null

2018-04-29 23:23:02 - [TEST_STEP][PASSED] - Statement - rowCount = tb.size(): null

2018-04-29 23:23:02 - [TEST_STEP][FAILED] - verifyEqual: Unable to verify equal between actual object '46' and expected object '10' (Root cause: Actual object '46' and expected object '10' are not equal)

2018-04-29 23:23:02 - [MESSAGE][FAILED] - Unable to verify equal between actual object '46' and expected object '10' (Root cause: Actual object '46' and expected object '10' are not equal)]]></system-out>
         <system-err><![CDATA[2018-04-29 23:22:46 - [TEST_CASE][FAILED] - Test Cases/BookFlight/TC01_bookflight_DPBysuit: Test Cases/BookFlight/TC01_bookflight_DPBysuit FAILED because (of) Unable to verify equal between actual object '46' and expected object '10' (Root cause: Actual object '46' and expected object '10' are not equal)]]></system-err>
      </testcase>
      <testcase name="Test Cases/BookFlight/TC01_bookflight_DPBysuit" classname="Test Cases/BookFlight/TC01_bookflight_DPBysuit" status="FAILED">
         <failure type="FAILED" message="Unable to verify equal between actual object '46' and expected object '10' (Root cause: Actual object '46' and expected object '10' are not equal)"/>
         <system-out><![CDATA[2018-04-29 23:23:02 - [TEST_CASE][FAILED] - Test Cases/BookFlight/TC01_bookflight_DPBysuit: Test Cases/BookFlight/TC01_bookflight_DPBysuit FAILED because (of) Unable to verify equal between actual object '46' and expected object '10' (Root cause: Actual object '46' and expected object '10' are not equal)

2018-04-29 23:23:02 - [TEST_STEP][PASSED] - openBrowser: Browser is opened with url: 'http://newtours.demoaut.com/'

2018-04-29 23:23:02 - [MESSAGE][WARNING] - A browser is already opened. Closing browser and opening a new one

2018-04-29 23:23:12 - [MESSAGE][PASSED] - Browser is opened with url: 'http://newtours.demoaut.com/'

2018-04-29 23:23:12 - [TEST_STEP][PASSED] - waitForElementPresent: Object 'Object Repository/Page_Welcome Mercury Tours/input_userName' is present

2018-04-29 23:23:12 - [MESSAGE][PASSED] - Object 'Object Repository/Page_Welcome Mercury Tours/input_userName' is present

2018-04-29 23:23:12 - [TEST_STEP][PASSED] - setText: Text 'neil2' is set on object 'Object Repository/Page_Welcome Mercury Tours/input_userName'

2018-04-29 23:23:12 - [MESSAGE][PASSED] - Text 'neil2' is set on object 'Object Repository/Page_Welcome Mercury Tours/input_userName'

2018-04-29 23:23:12 - [TEST_STEP][PASSED] - setText: Text '67890' is set on object 'Object Repository/Page_Welcome Mercury Tours/input_password'

2018-04-29 23:23:13 - [MESSAGE][PASSED] - Text '67890' is set on object 'Object Repository/Page_Welcome Mercury Tours/input_password'

2018-04-29 23:23:13 - [TEST_STEP][PASSED] - click: Object: 'Object Repository/Page_Welcome Mercury Tours/input_login' is clicked on

2018-04-29 23:23:15 - [MESSAGE][PASSED] - Object: 'Object Repository/Page_Welcome Mercury Tours/input_login' is clicked on

2018-04-29 23:23:15 - [TEST_STEP][PASSED] - waitForElementPresent: Object 'Object Repository/Page_Find a Flight Mercury Tours/rdog_tripType' is present

2018-04-29 23:23:15 - [MESSAGE][PASSED] - Object 'Object Repository/Page_Find a Flight Mercury Tours/rdog_tripType' is present

2018-04-29 23:23:15 - [TEST_STEP][PASSED] - com.mercurytour.customkeyword.selectType: com.mercurytour.customkeyword.selectType is PASSED

2018-04-29 23:23:16 - [MESSAGE][PASSED] - com.mercurytour.customkeyword.selectType is PASSED

2018-04-29 23:23:16 - [TEST_STEP][PASSED] - selectOptionByLabel: All options with label '2' are selected in object 'Object Repository/Page_Find a Flight Mercury Tours/select_passengerNum' 

2018-04-29 23:23:16 - [MESSAGE][PASSED] - All options with label '2' are selected in object 'Object Repository/Page_Find a Flight Mercury Tours/select_passengerNum' 

2018-04-29 23:23:16 - [TEST_STEP][PASSED] - selectOptionByValue: All options with value 'Frankfurt' are selected in object 'Object Repository/Page_Find a Flight Mercury Tours/select_departFrom' 

2018-04-29 23:23:16 - [MESSAGE][PASSED] - All options with value 'Frankfurt' are selected in object 'Object Repository/Page_Find a Flight Mercury Tours/select_departFrom' 

2018-04-29 23:23:16 - [TEST_STEP][PASSED] - selectOptionByLabel: All options with label 'May' are selected in object 'Object Repository/Page_Find a Flight Mercury Tours/select_departMonth' 

2018-04-29 23:23:16 - [MESSAGE][PASSED] - All options with label 'May' are selected in object 'Object Repository/Page_Find a Flight Mercury Tours/select_departMonth' 

2018-04-29 23:23:16 - [TEST_STEP][PASSED] - selectOptionByLabel: All options with label '20' are selected in object 'Object Repository/Page_Find a Flight Mercury Tours/select_departDay' 

2018-04-29 23:23:16 - [MESSAGE][PASSED] - All options with label '20' are selected in object 'Object Repository/Page_Find a Flight Mercury Tours/select_departDay' 

2018-04-29 23:23:16 - [TEST_STEP][PASSED] - selectOptionByLabel: All options with label 'May' are selected in object 'Object Repository/Page_Find a Flight Mercury Tours/select_returnMonth' 

2018-04-29 23:23:17 - [MESSAGE][PASSED] - All options with label 'May' are selected in object 'Object Repository/Page_Find a Flight Mercury Tours/select_returnMonth' 

2018-04-29 23:23:17 - [TEST_STEP][PASSED] - selectOptionByLabel: All options with label '21' are selected in object 'Object Repository/Page_Find a Flight Mercury Tours/select_returnDay' 

2018-04-29 23:23:17 - [MESSAGE][PASSED] - All options with label '21' are selected in object 'Object Repository/Page_Find a Flight Mercury Tours/select_returnDay' 

2018-04-29 23:23:17 - [TEST_STEP][PASSED] - click: Object: 'Object Repository/Page_Find a Flight Mercury Tours/btn_continue' is clicked on

2018-04-29 23:23:18 - [MESSAGE][PASSED] - Object: 'Object Repository/Page_Find a Flight Mercury Tours/btn_continue' is clicked on

2018-04-29 23:23:18 - [TEST_STEP][PASSED] - Statement - driver = com.kms.katalon.core.webui.driver.DriverFactory.getWebDriver(): null

2018-04-29 23:23:18 - [TEST_STEP][PASSED] - Statement - table = driver.findElement(org.openqa.selenium.By.xpath("/html/body/div[1]/table/tbody/tr/td[2]/table/tbody/tr[4]/td/table/tbody/tr/td[2]/table/tbody/tr[5]/td/form/table[1]")): null

2018-04-29 23:23:18 - [TEST_STEP][FAILED] - Statement - If (table != null): Unable to verify equal between actual object '46' and expected object '10' (Root cause: Actual object '46' and expected object '10' are not equal)

2018-04-29 23:23:18 - [TEST_STEP][PASSED] - Statement - tb = table.findElements(org.openqa.selenium.By.xpath("//tr")): null

2018-04-29 23:23:18 - [TEST_STEP][PASSED] - Statement - rowCount = tb.size(): null

2018-04-29 23:23:18 - [TEST_STEP][FAILED] - verifyEqual: Unable to verify equal between actual object '46' and expected object '10' (Root cause: Actual object '46' and expected object '10' are not equal)

2018-04-29 23:23:18 - [MESSAGE][FAILED] - Unable to verify equal between actual object '46' and expected object '10' (Root cause: Actual object '46' and expected object '10' are not equal)]]></system-out>
         <system-err><![CDATA[2018-04-29 23:23:02 - [TEST_CASE][FAILED] - Test Cases/BookFlight/TC01_bookflight_DPBysuit: Test Cases/BookFlight/TC01_bookflight_DPBysuit FAILED because (of) Unable to verify equal between actual object '46' and expected object '10' (Root cause: Actual object '46' and expected object '10' are not equal)]]></system-err>
      </testcase>
      <system-out><![CDATA[2018-04-29 23:22:45 - [TEST_SUITE][FAILED] - Test Suite - datapool: Test Cases/BookFlight/TC01_bookflight_DPBysuit FAILED because (of) Unable to verify equal between actual object '46' and expected object '10' (Root cause: Actual object '46' and expected object '10' are not equal)]]></system-out>
      <system-err><![CDATA[2018-04-29 23:22:45 - [TEST_SUITE][FAILED] - Test Suite - datapool: Test Cases/BookFlight/TC01_bookflight_DPBysuit FAILED because (of) Unable to verify equal between actual object '46' and expected object '10' (Root cause: Actual object '46' and expected object '10' are not equal)]]></system-err>
   </testsuite>
</testsuites>
